{"/Users/harshachandimal/Desktop/Autofix/client/src/components/ui/Button.tsx": {"path":"/Users/harshachandimal/Desktop/Autofix/client/src/components/ui/Button.tsx","statementMap":{"0":{"start":{"line":29,"column":4},"end":{"line":42,"column":null}}},"fnMap":{"0":{"name":"Button","decl":{"start":{"line":21,"column":24},"end":{"line":21,"column":31}},"loc":{"start":{"line":28,"column":16},"end":{"line":44,"column":null}},"line":28}},"branchMap":{"0":{"loc":{"start":{"line":22,"column":4},"end":{"line":22,"column":null}},"type":"default-arg","locations":[{"start":{"line":22,"column":14},"end":{"line":22,"column":null}}],"line":22},"1":{"loc":{"start":{"line":33,"column":16},"end":{"line":33,"column":null}},"type":"binary-expr","locations":[{"start":{"line":33,"column":16},"end":{"line":33,"column":41}},{"start":{"line":33,"column":41},"end":{"line":33,"column":null}}],"line":33},"2":{"loc":{"start":{"line":34,"column":16},"end":{"line":34,"column":null}},"type":"binary-expr","locations":[{"start":{"line":34,"column":16},"end":{"line":34,"column":43}},{"start":{"line":34,"column":43},"end":{"line":34,"column":null}}],"line":34},"3":{"loc":{"start":{"line":35,"column":16},"end":{"line":35,"column":null}},"type":"binary-expr","locations":[{"start":{"line":35,"column":16},"end":{"line":35,"column":41}},{"start":{"line":35,"column":41},"end":{"line":35,"column":null}}],"line":35},"4":{"loc":{"start":{"line":38,"column":22},"end":{"line":38,"column":null}},"type":"binary-expr","locations":[{"start":{"line":38,"column":22},"end":{"line":38,"column":34}},{"start":{"line":38,"column":34},"end":{"line":38,"column":null}}],"line":38},"5":{"loc":{"start":{"line":41,"column":13},"end":{"line":41,"column":null}},"type":"cond-expr","locations":[{"start":{"line":41,"column":23},"end":{"line":41,"column":38}},{"start":{"line":41,"column":38},"end":{"line":41,"column":null}}],"line":41}},"s":{"0":6},"f":{"0":6},"b":{"0":[6],"1":[6,5],"2":[6,0],"3":[6,1],"4":[6,5],"5":[1,5]},"meta":{"lastBranch":6,"lastFunction":1,"lastStatement":1,"seen":{"f:21:24:21:31":0,"b:22:14:22:Infinity":0,"s:29:4:42:Infinity":0,"b:33:16:33:41:33:41:33:Infinity":1,"b:34:16:34:43:34:43:34:Infinity":2,"b:35:16:35:41:35:41:35:Infinity":3,"b:38:22:38:34:38:34:38:Infinity":4,"b:41:23:41:38:41:38:41:Infinity":5}}}
}
